<?xml version="1.0" encoding="UTF-8"?>
<!-- Generated by org.testng.reporters.JUnitReportReporter -->
<testsuite hostname="NTLTP11-PC" failures="0" tests="4" name="days1.HttpRequests" time="14.937" errors="0" timestamp="2024-05-16T17:10:04 IST" skipped="0">
  <testcase classname="days1.HttpRequests" name="getListOfUser" time="9.556"/>
  <system-out/>
  <testcase classname="days1.HttpRequests" name="createUser" time="2.273"/>
  <system-out/>
  <testcase classname="days1.HttpRequests" name="updateUser" time="2.109"/>
  <system-out/>
  <testcase classname="days1.HttpRequests" name="deletUser" time="0.999"/>
  <system-out/>
</testsuite> <!-- days1.HttpRequests -->
